-------------------------------------------------------------------------------
Test set: runnings.Running
-------------------------------------------------------------------------------
Tests run: 5, Failures: 0, Errors: 3, Skipped: 2, Time elapsed: 19.361 s <<< FAILURE! - in runnings.Running
Given existen los campos(| "ivan.mmeneses28@gmail.com" | "12345" |)  Time elapsed: 0.011 s  <<< ERROR!
org.openqa.selenium.NoSuchElementException: 
An element could not be located on the page using the given search parameters. (WARNING: The server did not provide any stacktrace information)
Command duration or timeout: 0 milliseconds
For documentation on this error, please visit: https://www.seleniumhq.org/exceptions/no_such_element.html
Build info: version: '3.141.59', revision: 'e82be7d358', time: '2018-11-14T08:17:03'
System info: host: 'DESKTOP-4T1H1KL', ip: '192.168.133.2', os.name: 'Windows 10', os.arch: 'amd64', os.version: '10.0', java.version: '1.8.0_221'
Driver info: io.appium.java_client.android.AndroidDriver
Capabilities {app: C:\Users\i7\Desktop\PROYECT..., appActivity: com.flipkart.android.Splash..., appPackage: com.flipkart.android, appWaitActivity: com.flipkart.android.Splash..., appWaitPackage: com.flipkart.android, databaseEnabled: false, desired: {app: C:\Users\i7\Desktop\PROYECT..., deviceName: Samsung Galaxy S7, platformName: android, udid: 192.168.133.101:5555}, deviceManufacturer: Genymotion, deviceModel: Samsung Galaxy S7, deviceName: 192.168.133.101:5555, deviceScreenSize: 1440x2560, deviceUDID: 192.168.133.101:5555, javascriptEnabled: true, locationContextEnabled: false, networkConnectionEnabled: true, platform: LINUX, platformName: Android, platformVersion: 7.1.1, takesScreenshot: true, udid: 192.168.133.101:5555, warnings: {}, webStorageEnabled: false}
Session ID: c6995a00-ffb1-46e7-9b28-cff5677c6632
*** Element info: {Using=id, value=com.flipkart.android:id/mainMenu}

| "ivan.mmeneses28@gmail.com" | "12345" |  Time elapsed: 0.016 s  <<< ERROR!
org.openqa.selenium.NoSuchElementException: 
An element could not be located on the page using the given search parameters. (WARNING: The server did not provide any stacktrace information)
Command duration or timeout: 0 milliseconds
For documentation on this error, please visit: https://www.seleniumhq.org/exceptions/no_such_element.html
Build info: version: '3.141.59', revision: 'e82be7d358', time: '2018-11-14T08:17:03'
System info: host: 'DESKTOP-4T1H1KL', ip: '192.168.133.2', os.name: 'Windows 10', os.arch: 'amd64', os.version: '10.0', java.version: '1.8.0_221'
Driver info: io.appium.java_client.android.AndroidDriver
Capabilities {app: C:\Users\i7\Desktop\PROYECT..., appActivity: com.flipkart.android.Splash..., appPackage: com.flipkart.android, appWaitActivity: com.flipkart.android.Splash..., appWaitPackage: com.flipkart.android, databaseEnabled: false, desired: {app: C:\Users\i7\Desktop\PROYECT..., deviceName: Samsung Galaxy S7, platformName: android, udid: 192.168.133.101:5555}, deviceManufacturer: Genymotion, deviceModel: Samsung Galaxy S7, deviceName: 192.168.133.101:5555, deviceScreenSize: 1440x2560, deviceUDID: 192.168.133.101:5555, javascriptEnabled: true, locationContextEnabled: false, networkConnectionEnabled: true, platform: LINUX, platformName: Android, platformVersion: 7.1.1, takesScreenshot: true, udid: 192.168.133.101:5555, warnings: {}, webStorageEnabled: false}
Session ID: c6995a00-ffb1-46e7-9b28-cff5677c6632
*** Element info: {Using=id, value=com.flipkart.android:id/mainMenu}

runnings.Running  Time elapsed: 1.219 s  <<< ERROR!
java.lang.NullPointerException
	at runnings.Running.setup(Running.java:29)

