<?xml version="1.0" encoding="UTF-8"?>
<testsuite xmlns:xsi="http://www.w3.org/2001/XMLSchema-instance" xsi:noNamespaceSchemaLocation="https://maven.apache.org/surefire/maven-failsafe-plugin/xsd/failsafe-test-report-3.0.xsd" version="3.0" name="runnings.Running" time="23.735" tests="4" errors="2" skipped="2" failures="0">
  <properties>
[...]
</properties>
  <testcase name="Given existen los campos" classname="| &quot;ivan.mmeneses28@gmail.com&quot; | &quot;12345&quot; |" time="0.016">
    <error message="An element could not be located on the page using the given search parameters. (WARNING: The server did not provide any stacktrace information)&#10;Command duration or timeout: 0 milliseconds&#10;For documentation on this error, please visit: https://www.seleniumhq.org/exceptions/no_such_element.html&#10;Build info: version: &apos;3.141.59&apos;, revision: &apos;e82be7d358&apos;, time: &apos;2018-11-14T08:17:03&apos;&#10;System info: host: &apos;DESKTOP-4T1H1KL&apos;, ip: &apos;192.168.133.2&apos;, os.name: &apos;Windows 10&apos;, os.arch: &apos;amd64&apos;, os.version: &apos;10.0&apos;, java.version: &apos;1.8.0_221&apos;&#10;Driver info: io.appium.java_client.android.AndroidDriver&#10;Capabilities {app: C:\Users\i7\Desktop\PROYECT..., appActivity: com.flipkart.android.Splash..., appPackage: com.flipkart.android, appWaitActivity: com.flipkart.android.Splash..., appWaitPackage: com.flipkart.android, databaseEnabled: false, desired: {app: C:\Users\i7\Desktop\PROYECT..., deviceName: Samsung Galaxy S7, platformName: android, udid: 192.168.133.101:5555}, deviceManufacturer: Genymotion, deviceModel: Samsung Galaxy S7, deviceName: 192.168.133.101:5555, deviceScreenSize: 1440x2560, deviceUDID: 192.168.133.101:5555, javascriptEnabled: true, locationContextEnabled: false, networkConnectionEnabled: true, platform: LINUX, platformName: Android, platformVersion: 7.1.1, takesScreenshot: true, udid: 192.168.133.101:5555, warnings: {}, webStorageEnabled: false}&#10;Session ID: 2ea12800-ee49-4d6c-9263-b976baba8c58&#10;*** Element info: {Using=id, value=com.flipkart.android:id/mainMenu}" type="org.openqa.selenium.NoSuchElementException">org.openqa.selenium.NoSuchElementException: 
An element could not be located on the page using the given search parameters. (WARNING: The server did not provide any stacktrace information)
Command duration or timeout: 0 milliseconds
For documentation on this error, please visit: https://www.seleniumhq.org/exceptions/no_such_element.html
Build info: version: '3.141.59', revision: 'e82be7d358', time: '2018-11-14T08:17:03'
System info: host: 'DESKTOP-4T1H1KL', ip: '192.168.133.2', os.name: 'Windows 10', os.arch: 'amd64', os.version: '10.0', java.version: '1.8.0_221'
Driver info: io.appium.java_client.android.AndroidDriver
Capabilities {app: C:\Users\i7\Desktop\PROYECT..., appActivity: com.flipkart.android.Splash..., appPackage: com.flipkart.android, appWaitActivity: com.flipkart.android.Splash..., appWaitPackage: com.flipkart.android, databaseEnabled: false, desired: {app: C:\Users\i7\Desktop\PROYECT..., deviceName: Samsung Galaxy S7, platformName: android, udid: 192.168.133.101:5555}, deviceManufacturer: Genymotion, deviceModel: Samsung Galaxy S7, deviceName: 192.168.133.101:5555, deviceScreenSize: 1440x2560, deviceUDID: 192.168.133.101:5555, javascriptEnabled: true, locationContextEnabled: false, networkConnectionEnabled: true, platform: LINUX, platformName: Android, platformVersion: 7.1.1, takesScreenshot: true, udid: 192.168.133.101:5555, warnings: {}, webStorageEnabled: false}
Session ID: 2ea12800-ee49-4d6c-9263-b976baba8c58
*** Element info: {Using=id, value=com.flipkart.android:id/mainMenu}
</error>
    <system-out><![CDATA[@Login
Feature: Iniciar Sesion

  @TestCaseKey=FAL-T1
  Scenario Outline: Hacer Login                   &amp#27;[90m# Login.feature:6&amp#27;[0m
    &amp#27;[36mGiven &amp#27;[0m&amp#27;[36mexisten los campos&amp#27;[0m
    &amp#27;[36mWhen &amp#27;[0m&amp#27;[36mingreso usuario<user> y contraseña<pass>&amp#27;[0m
    &amp#27;[36mThen &amp#27;[0m&amp#27;[36mhago click en boton ingresar&amp#27;[0m

    Examples: 
]]></system-out>
    <system-err><![CDATA[Oct 30, 2019 2:20:25 PM io.appium.java_client.remote.AppiumCommandExecutor$1 lambda$0
INFO: Detected dialect: OSS
]]></system-err>
  </testcase>
  <testcase name="| &quot;ivan.mmeneses28@gmail.com&quot; | &quot;12345&quot; |" classname="| &quot;ivan.mmeneses28@gmail.com&quot; | &quot;12345&quot; |" time="0.018">
    <error message="An element could not be located on the page using the given search parameters. (WARNING: The server did not provide any stacktrace information)&#10;Command duration or timeout: 0 milliseconds&#10;For documentation on this error, please visit: https://www.seleniumhq.org/exceptions/no_such_element.html&#10;Build info: version: &apos;3.141.59&apos;, revision: &apos;e82be7d358&apos;, time: &apos;2018-11-14T08:17:03&apos;&#10;System info: host: &apos;DESKTOP-4T1H1KL&apos;, ip: &apos;192.168.133.2&apos;, os.name: &apos;Windows 10&apos;, os.arch: &apos;amd64&apos;, os.version: &apos;10.0&apos;, java.version: &apos;1.8.0_221&apos;&#10;Driver info: io.appium.java_client.android.AndroidDriver&#10;Capabilities {app: C:\Users\i7\Desktop\PROYECT..., appActivity: com.flipkart.android.Splash..., appPackage: com.flipkart.android, appWaitActivity: com.flipkart.android.Splash..., appWaitPackage: com.flipkart.android, databaseEnabled: false, desired: {app: C:\Users\i7\Desktop\PROYECT..., deviceName: Samsung Galaxy S7, platformName: android, udid: 192.168.133.101:5555}, deviceManufacturer: Genymotion, deviceModel: Samsung Galaxy S7, deviceName: 192.168.133.101:5555, deviceScreenSize: 1440x2560, deviceUDID: 192.168.133.101:5555, javascriptEnabled: true, locationContextEnabled: false, networkConnectionEnabled: true, platform: LINUX, platformName: Android, platformVersion: 7.1.1, takesScreenshot: true, udid: 192.168.133.101:5555, warnings: {}, webStorageEnabled: false}&#10;Session ID: 2ea12800-ee49-4d6c-9263-b976baba8c58&#10;*** Element info: {Using=id, value=com.flipkart.android:id/mainMenu}" type="org.openqa.selenium.NoSuchElementException">org.openqa.selenium.NoSuchElementException: 
An element could not be located on the page using the given search parameters. (WARNING: The server did not provide any stacktrace information)
Command duration or timeout: 0 milliseconds
For documentation on this error, please visit: https://www.seleniumhq.org/exceptions/no_such_element.html
Build info: version: '3.141.59', revision: 'e82be7d358', time: '2018-11-14T08:17:03'
System info: host: 'DESKTOP-4T1H1KL', ip: '192.168.133.2', os.name: 'Windows 10', os.arch: 'amd64', os.version: '10.0', java.version: '1.8.0_221'
Driver info: io.appium.java_client.android.AndroidDriver
Capabilities {app: C:\Users\i7\Desktop\PROYECT..., appActivity: com.flipkart.android.Splash..., appPackage: com.flipkart.android, appWaitActivity: com.flipkart.android.Splash..., appWaitPackage: com.flipkart.android, databaseEnabled: false, desired: {app: C:\Users\i7\Desktop\PROYECT..., deviceName: Samsung Galaxy S7, platformName: android, udid: 192.168.133.101:5555}, deviceManufacturer: Genymotion, deviceModel: Samsung Galaxy S7, deviceName: 192.168.133.101:5555, deviceScreenSize: 1440x2560, deviceUDID: 192.168.133.101:5555, javascriptEnabled: true, locationContextEnabled: false, networkConnectionEnabled: true, platform: LINUX, platformName: Android, platformVersion: 7.1.1, takesScreenshot: true, udid: 192.168.133.101:5555, warnings: {}, webStorageEnabled: false}
Session ID: 2ea12800-ee49-4d6c-9263-b976baba8c58
*** Element info: {Using=id, value=com.flipkart.android:id/mainMenu}
</error>
  </testcase>
  <testcase name="When ingreso usuario&quot;ivan.mmeneses28@gmail.com&quot; y contraseña&quot;12345&quot;" classname="| &quot;ivan.mmeneses28@gmail.com&quot; | &quot;12345&quot; |" time="0">
    <skipped/>
  </testcase>
  <testcase name="Then hago click en boton ingresar" classname="| &quot;ivan.mmeneses28@gmail.com&quot; | &quot;12345&quot; |" time="0">
    <skipped/>
  </testcase>
</testsuite>